Compiling the C compiler identification source file "CMakeCCompilerId.c" failed.
Compiler: /Library/Developer/CommandLineTools/usr/bin/cc 
Build flags: 
Id flags:  

The output was:
1
ld: library not found for -lSystem
clang: error: linker command failed with exit code 1 (use -v to see invocation)


Compiling the CXX compiler identification source file "CMakeCXXCompilerId.cpp" failed.
Compiler: /Library/Developer/CommandLineTools/usr/bin/c++ 
Build flags: 
Id flags:  

The output was:
1
ld: library not found for -lc++
clang: error: linker command failed with exit code 1 (use -v to see invocation)


Determining if the function shm_open exists in the rt failed with the following output:
Change Dir: /Users/dsv_8/Downloads/AED/aed2223_p06/cmake-build-debug/CMakeFiles/CMakeTmp

Run Build Command(s):/Users/dsv_8/Library/Application Support/JetBrains/Toolbox/apps/CLion/ch-0/222.4167.35/CLion.app/Contents/bin/ninja/mac/ninja cmTC_515d9 && [1/2] Building C object CMakeFiles/cmTC_515d9.dir/CheckFunctionExists.c.o
[2/2] Linking C executable cmTC_515d9
FAILED: cmTC_515d9 
: && /Library/Developer/CommandLineTools/usr/bin/cc -DCHECK_FUNCTION_EXISTS=shm_open -arch arm64 -isysroot /Library/Developer/CommandLineTools/SDKs/MacOSX12.3.sdk -Wl,-search_paths_first -Wl,-headerpad_max_install_names  CMakeFiles/cmTC_515d9.dir/CheckFunctionExists.c.o -o cmTC_515d9  -lrt && :
ld: library not found for -lrt
clang: error: linker command failed with exit code 1 (use -v to see invocation)
ninja: build stopped: subcommand failed.



Performing C++ SOURCE FILE Test HAVE_CXX_FLAG_WD654 failed with the following output:
Change Dir: /Users/dsv_8/Downloads/AED/aed2223_p06/cmake-build-debug/CMakeFiles/CMakeTmp

Run Build Command(s):/Users/dsv_8/Library/Application Support/JetBrains/Toolbox/apps/CLion/ch-0/222.4167.35/CLion.app/Contents/bin/ninja/mac/ninja cmTC_04641 && [1/2] Building CXX object CMakeFiles/cmTC_04641.dir/src.cxx.o
FAILED: CMakeFiles/cmTC_04641.dir/src.cxx.o 
/Library/Developer/CommandLineTools/usr/bin/c++ -DHAVE_CXX_FLAG_WD654  -Wall  -Wextra  -Wshadow  -Wfloat-equal  -pedantic  -pedantic-errors  -Wshorten-64-to-32  -fstrict-aliasing  -Wno-deprecated-declarations  -Wstrict-aliasing  -wd654 -arch arm64 -isysroot /Library/Developer/CommandLineTools/SDKs/MacOSX12.3.sdk   -wd654 -MD -MT CMakeFiles/cmTC_04641.dir/src.cxx.o -MF CMakeFiles/cmTC_04641.dir/src.cxx.o.d -o CMakeFiles/cmTC_04641.dir/src.cxx.o -c /Users/dsv_8/Downloads/AED/aed2223_p06/cmake-build-debug/CMakeFiles/CMakeTmp/src.cxx
clang: error: unknown argument: '-wd654'
clang: error: unknown argument: '-wd654'
ninja: build stopped: subcommand failed.


Source file was:
int main() { return 0; }
Performing C++ SOURCE FILE Test BENCHMARK_HAS_WNO_LTO_TYPE_MISMATCH failed with the following output:
Change Dir: /Users/dsv_8/Downloads/AED/aed2223_p06/cmake-build-debug/CMakeFiles/CMakeTmp

Run Build Command(s):/Users/dsv_8/Library/Application Support/JetBrains/Toolbox/apps/CLion/ch-0/222.4167.35/CLion.app/Contents/bin/ninja/mac/ninja cmTC_98b66 && [1/2] Building CXX object CMakeFiles/cmTC_98b66.dir/src.cxx.o
warning: unknown warning option '-Wno-lto-type-mismatch'; did you mean '-Wno-selector-type-mismatch'? [-Wunknown-warning-option]
1 warning generated.
[2/2] Linking CXX executable cmTC_98b66


Source file was:
int main() { return 0; }
